# JRE version: OpenJDK Runtime Environment Corretto-21.0.6.7.1 (21.0.6+7) (build 21.0.6+7-LTS)
# Java VM: OpenJDK 64-Bit Server VM Corretto-21.0.6.7.1 (21.0.6+7-LTS, mixed mode, sharing, tiered, compressed oops, compressed class ptrs, g1 gc, windows-amd64)
GC Precious Log:
 CardTable entry size: 512
 Card Set container configuration: InlinePtr #cards 5 size 8 Array Of Cards #cards 12 size 40 Howl #buckets 4 coarsen threshold 1843 Howl Bitmap #cards 512 size 80 coarsen threshold 460 Card regions per heap region 1 cards per card region 2048
 CPUs: 12 total, 12 available
 Memory: 7876M
 Large Page Support: Disabled
 NUMA Support: Disabled
 Compressed Oops: Enabled (32-bit)
 Heap Region Size: 1M
 Heap Min Capacity: 8M
 Heap Initial Capacity: 124M
 Heap Max Capacity: 1970M
 Pre-touch: Disabled
 Parallel Workers: 10
 Concurrent Workers: 3
 Concurrent Refinement Workers: 10
 Periodic GC: Disabled
Heap:
 garbage-first heap   total 58368K, used 35724K [0x0000000084e00000, 0x0000000100000000)
  region size 1024K, 14 young (14336K), 4 survivors (4096K)
 Metaspace       used 69868K, committed 70592K, reserved 1114112K
  class space    used 9476K, committed 9792K, reserved 1048576K
GC Heap History (20 events):
Event: 4.478 GC heap before
{Heap before GC invocations=4 (full 0):
 garbage-first heap   total 48128K, used 36545K [0x0000000084e00000, 0x0000000100000000)
  region size 1024K, 28 young (28672K), 6 survivors (6144K)
 Metaspace       used 24989K, committed 25536K, reserved 1114112K
  class space    used 3128K, committed 3392K, reserved 1048576K
}
Event: 4.491 GC heap after
{Heap after GC invocations=5 (full 0):
 garbage-first heap   total 48128K, used 16740K [0x0000000084e00000, 0x0000000100000000)
  region size 1024K, 3 young (3072K), 3 survivors (3072K)
 Metaspace       used 24989K, committed 25536K, reserved 1114112K
  class space    used 3128K, committed 3392K, reserved 1048576K
}
Event: 5.598 GC heap before
{Heap before GC invocations=5 (full 0):
 garbage-first heap   total 48128K, used 37220K [0x0000000084e00000, 0x0000000100000000)
  region size 1024K, 23 young (23552K), 3 survivors (3072K)
 Metaspace       used 29397K, committed 29888K, reserved 1114112K
  class space    used 3700K, committed 3904K, reserved 1048576K
}
Event: 5.606 GC heap after
{Heap after GC invocations=6 (full 0):
 garbage-first heap   total 48128K, used 18140K [0x0000000084e00000, 0x0000000100000000)
  region size 1024K, 3 young (3072K), 3 survivors (3072K)
 Metaspace       used 29397K, committed 29888K, reserved 1114112K
  class space    used 3700K, committed 3904K, reserved 1048576K
}
Event: 6.535 GC heap before
{Heap before GC invocations=6 (full 0):
 garbage-first heap   total 48128K, used 35548K [0x0000000084e00000, 0x0000000100000000)
  region size 1024K, 22 young (22528K), 3 survivors (3072K)
 Metaspace       used 35407K, committed 35968K, reserved 1114112K
  class space    used 4407K, committed 4672K, reserved 1048576K
}
Event: 6.539 GC heap after
{Heap after GC invocations=7 (full 0):
 garbage-first heap   total 48128K, used 19908K [0x0000000084e00000, 0x0000000100000000)
  region size 1024K, 2 young (2048K), 2 survivors (2048K)
 Metaspace       used 35407K, committed 35968K, reserved 1114112K
  class space    used 4407K, committed 4672K, reserved 1048576K
}
Event: 7.578 GC heap before
{Heap before GC invocations=8 (full 0):
 garbage-first heap   total 48128K, used 38340K [0x0000000084e00000, 0x0000000100000000)
  region size 1024K, 21 young (21504K), 2 survivors (2048K)
 Metaspace       used 40197K, committed 40768K, reserved 1114112K
  class space    used 5294K, committed 5568K, reserved 1048576K
}
Event: 7.583 GC heap after
{Heap after GC invocations=9 (full 0):
 garbage-first heap   total 48128K, used 21228K [0x0000000084e00000, 0x0000000100000000)
  region size 1024K, 3 young (3072K), 3 survivors (3072K)
 Metaspace       used 40197K, committed 40768K, reserved 1114112K
  class space    used 5294K, committed 5568K, reserved 1048576K
}
Event: 8.506 GC heap before
{Heap before GC invocations=9 (full 0):
 garbage-first heap   total 48128K, used 40684K [0x0000000084e00000, 0x0000000100000000)
  region size 1024K, 22 young (22528K), 3 survivors (3072K)
 Metaspace       used 45157K, committed 45760K, reserved 1114112K
  class space    used 6056K, committed 6336K, reserved 1048576K
}
Event: 8.512 GC heap after
{Heap after GC invocations=10 (full 0):
 garbage-first heap   total 48128K, used 22191K [0x0000000084e00000, 0x0000000100000000)
  region size 1024K, 3 young (3072K), 3 survivors (3072K)
 Metaspace       used 45157K, committed 45760K, reserved 1114112K
  class space    used 6056K, committed 6336K, reserved 1048576K
}
Event: 9.307 GC heap before
{Heap before GC invocations=10 (full 0):
 garbage-first heap   total 48128K, used 41647K [0x0000000084e00000, 0x0000000100000000)
  region size 1024K, 22 young (22528K), 3 survivors (3072K)
 Metaspace       used 50713K, committed 51264K, reserved 1114112K
  class space    used 6728K, committed 6976K, reserved 1048576K
}
Event: 9.311 GC heap after
{Heap after GC invocations=11 (full 0):
 garbage-first heap   total 48128K, used 23005K [0x0000000084e00000, 0x0000000100000000)
  region size 1024K, 2 young (2048K), 2 survivors (2048K)
 Metaspace       used 50713K, committed 51264K, reserved 1114112K
  class space    used 6728K, committed 6976K, reserved 1048576K
}
Event: 9.955 GC heap before
{Heap before GC invocations=11 (full 0):
 garbage-first heap   total 48128K, used 41437K [0x0000000084e00000, 0x0000000100000000)
  region size 1024K, 21 young (21504K), 2 survivors (2048K)
 Metaspace       used 57433K, committed 58048K, reserved 1114112K
  class space    used 7797K, committed 8064K, reserved 1048576K
}
Event: 9.958 GC heap after
{Heap after GC invocations=12 (full 0):
 garbage-first heap   total 48128K, used 23865K [0x0000000084e00000, 0x0000000100000000)
  region size 1024K, 2 young (2048K), 2 survivors (2048K)
 Metaspace       used 57433K, committed 58048K, reserved 1114112K
  class space    used 7797K, committed 8064K, reserved 1048576K
}
Event: 10.258 GC heap before
{Heap before GC invocations=12 (full 0):
 garbage-first heap   total 48128K, used 31033K [0x0000000084e00000, 0x0000000100000000)
  region size 1024K, 10 young (10240K), 2 survivors (2048K)
 Metaspace       used 59707K, committed 60288K, reserved 1114112K
  class space    used 8112K, committed 8384K, reserved 1048576K
}
Event: 10.262 GC heap after
{Heap after GC invocations=13 (full 0):
 garbage-first heap   total 48128K, used 24289K [0x0000000084e00000, 0x0000000100000000)
  region size 1024K, 3 young (3072K), 3 survivors (3072K)
 Metaspace       used 59707K, committed 60288K, reserved 1114112K
  class space    used 8112K, committed 8384K, reserved 1048576K
}
Event: 10.783 GC heap before
{Heap before GC invocations=14 (full 0):
 garbage-first heap   total 48128K, used 40673K [0x0000000084e00000, 0x0000000100000000)
  region size 1024K, 19 young (19456K), 3 survivors (3072K)
 Metaspace       used 62536K, committed 63168K, reserved 1114112K
  class space    used 8517K, committed 8768K, reserved 1048576K
}
Event: 10.787 GC heap after
{Heap after GC invocations=15 (full 0):
 garbage-first heap   total 58368K, used 25839K [0x0000000084e00000, 0x0000000100000000)
  region size 1024K, 3 young (3072K), 3 survivors (3072K)
 Metaspace       used 62536K, committed 63168K, reserved 1114112K
  class space    used 8517K, committed 8768K, reserved 1048576K
}
Event: 18.791 GC heap before
{Heap before GC invocations=15 (full 0):
 garbage-first heap   total 58368K, used 49391K [0x0000000084e00000, 0x0000000100000000)
  region size 1024K, 27 young (27648K), 3 survivors (3072K)
 Metaspace       used 66957K, committed 67648K, reserved 1114112K
  class space    used 9119K, committed 9408K, reserved 1048576K
}
Event: 18.798 GC heap after
{Heap after GC invocations=16 (full 0):
 garbage-first heap   total 58368K, used 27532K [0x0000000084e00000, 0x0000000100000000)
  region size 1024K, 4 young (4096K), 4 survivors (4096K)
 Metaspace       used 66957K, committed 67648K, reserved 1114112K
  class space    used 9119K, committed 9408K, reserved 1048576K
}

